This file contains any messages produced by compilers while
running configure, to aid debugging if configure makes a mistake.

It was created by mpe2 configure 2.4.9b, which was
generated by GNU Autoconf 2.69.  Invocation command line was

  $ ../../../src/graphics/configure --disable-option-checking --prefix=/projects/comp422/pkgs/mpe CC=mpicc F77=mpif77 LDFLAGS=-lpthread --cache-file=/dev/null --srcdir=../../../src/graphics

## --------- ##
## Platform. ##
## --------- ##

hostname = login3.nots.rice.edu
uname -m = x86_64
uname -r = 3.10.0-327.36.3.el7.x86_64
uname -s = Linux
uname -v = #1 SMP Thu Oct 20 04:56:07 EDT 2016

/usr/bin/uname -p = x86_64
/bin/uname -X     = unknown

/bin/arch              = x86_64
/usr/bin/arch -k       = unknown
/usr/convex/getsysinfo = unknown
/usr/bin/hostinfo      = unknown
/bin/machine           = unknown
/usr/bin/oslevel       = unknown
/bin/universe          = unknown

PATH: /opt/apps/software/Core/Java/1.8.0_162
PATH: /opt/apps/software/Core/Java/1.8.0_162/bin
PATH: /opt/apps/software/Compiler/GCC/7.3.0/OpenMPI/3.1.2/bin
PATH: /opt/apps/software/Core/GCCcore/7.3.0/bin
PATH: /opt/apps/software/Core/xalt/default/bin
PATH: /usr/local/bin
PATH: /usr/bin
PATH: /usr/local/sbin
PATH: /usr/sbin
PATH: /home/johnmc/bin
PATH: /opt/apps/software/Core/icc/2018.2.199-GCC-6.4.0/parallel_studio_xe_2018.2.046/bin


## ----------- ##
## Core tests. ##
## ----------- ##

configure:2437: checking gnumake
configure:2452: result: yes using --no-print-directory
configure:2466: checking BSD 4.4 make
configure:2486: result: no - whew
configure:2492: checking OSF V3 make
configure:2511: result: no
configure:2518: checking for virtual path format
configure:2533: result: VPATH
configure:2663: checking for gcc
configure:2690: result: mpicc
configure:2919: checking for C compiler version
configure:2928: mpicc --version >&5
gcc (GCC) 7.3.0
Copyright (C) 2017 Free Software Foundation, Inc.
This is free software; see the source for copying conditions.  There is NO
warranty; not even for MERCHANTABILITY or FITNESS FOR A PARTICULAR PURPOSE.

configure:2939: $? = 0
configure:2928: mpicc -v >&5
Using built-in specs.
COLLECT_GCC=/opt/apps/software/Core/GCCcore/7.3.0/bin/gcc
COLLECT_LTO_WRAPPER=/opt/apps/software/Core/GCCcore/7.3.0/libexec/gcc/x86_64-pc-linux-gnu/7.3.0/lto-wrapper
Target: x86_64-pc-linux-gnu
Configured with: ../configure --enable-languages=c,c++,fortran --enable-lto --enable-checking=release --disable-multilib --enable-shared=yes --enable-static=yes --enable-threads=posix --enable-gold=default --enable-plugins --enable-ld --with-plugin-ld=ld.gold --prefix=/opt/apps/software/Core/GCCcore/7.3.0 --with-local-prefix=/opt/apps/software/Core/GCCcore/7.3.0 --enable-bootstrap --with-isl=/dev/shm/ee19/GCCcore/7.3.0/dummy-/gcc-7.3.0/stage2_stuff
Thread model: posix
gcc version 7.3.0 (GCC) 
configure:2939: $? = 0
configure:2928: mpicc -V >&5
gcc: error: unrecognized command line option '-V'
gcc: fatal error: no input files
compilation terminated.
configure:2939: $? = 1
configure:2928: mpicc -qversion >&5
gcc: error: unrecognized command line option '-qversion'; did you mean '--version'?
gcc: fatal error: no input files
compilation terminated.
configure:2939: $? = 1
configure:2959: checking whether the C compiler works
configure:2981: mpicc   -lpthread conftest.c  >&5
configure:2985: $? = 0
configure:3033: result: yes
configure:3036: checking for C compiler default output file name
configure:3038: result: a.out
configure:3044: checking for suffix of executables
configure:3051: mpicc -o conftest   -lpthread conftest.c  >&5
configure:3055: $? = 0
configure:3077: result: 
configure:3099: checking whether we are cross compiling
configure:3107: mpicc -o conftest   -lpthread conftest.c  >&5
configure:3111: $? = 0
configure:3118: ./conftest
configure:3122: $? = 0
configure:3137: result: no
configure:3142: checking for suffix of object files
configure:3164: mpicc -c   conftest.c >&5
configure:3168: $? = 0
configure:3189: result: o
configure:3193: checking whether we are using the GNU C compiler
configure:3212: mpicc -c   conftest.c >&5
configure:3212: $? = 0
configure:3221: result: yes
configure:3230: checking whether mpicc accepts -g
configure:3250: mpicc -c -g  conftest.c >&5
configure:3250: $? = 0
configure:3291: result: yes
configure:3308: checking for mpicc option to accept ISO C89
configure:3371: mpicc  -c   conftest.c >&5
configure:3371: $? = 0
configure:3384: result: none needed
configure:3408: checking for ar
configure:3424: found /usr/bin/ar
configure:3436: result: ar
configure:3487: checking for ranlib
configure:3503: found /usr/bin/ranlib
configure:3514: result: ranlib
configure:3538: checking whether mpicc and cc understand -c and -o together
configure:3569: mpicc -c conftest.c -o conftest2.o >&5
configure:3573: $? = 0
configure:3579: mpicc -c conftest.c -o conftest2.o >&5
configure:3583: $? = 0
configure:3594: cc -c conftest.c >&5
configure:3598: $? = 0
configure:3606: cc -c conftest.c -o conftest2.o >&5
configure:3610: $? = 0
configure:3616: cc -c conftest.c -o conftest2.o >&5
configure:3620: $? = 0
configure:3638: result: yes
configure:3657: checking how to run the C preprocessor
configure:3688: mpicc -E  conftest.c
configure:3688: $? = 0
configure:3702: mpicc -E  conftest.c
conftest.c:9:10: fatal error: ac_nonexistent.h: No such file or directory
 #include <ac_nonexistent.h>
          ^~~~~~~~~~~~~~~~~~
compilation terminated.
configure:3702: $? = 1
configure: failed program was:
| /* confdefs.h */
| #define PACKAGE_NAME "mpe2"
| #define PACKAGE_TARNAME "mpe2"
| #define PACKAGE_VERSION "2.4.9b"
| #define PACKAGE_STRING "mpe2 2.4.9b"
| #define PACKAGE_BUGREPORT "wgropp@illinois.edu"
| #define PACKAGE_URL "http://www.mcs.anl.gov/research/projects/perfvis/software/MPE/"
| /* end confdefs.h.  */
| #include <ac_nonexistent.h>
configure:3727: result: mpicc -E
configure:3747: mpicc -E  conftest.c
configure:3747: $? = 0
configure:3761: mpicc -E  conftest.c
conftest.c:9:10: fatal error: ac_nonexistent.h: No such file or directory
 #include <ac_nonexistent.h>
          ^~~~~~~~~~~~~~~~~~
compilation terminated.
configure:3761: $? = 1
configure: failed program was:
| /* confdefs.h */
| #define PACKAGE_NAME "mpe2"
| #define PACKAGE_TARNAME "mpe2"
| #define PACKAGE_VERSION "2.4.9b"
| #define PACKAGE_STRING "mpe2 2.4.9b"
| #define PACKAGE_BUGREPORT "wgropp@illinois.edu"
| #define PACKAGE_URL "http://www.mcs.anl.gov/research/projects/perfvis/software/MPE/"
| /* end confdefs.h.  */
| #include <ac_nonexistent.h>
configure:3840: checking for X
configure:3979: mpicc -o conftest   -lpthread conftest.c -lX11  >&5
configure:3979: $? = 0
configure:4029: result: libraries , headers 
configure:4059: checking for grep that handles long lines and -e
configure:4117: result: /usr/bin/grep
configure:4122: checking for egrep
configure:4184: result: /usr/bin/grep -E
configure:4189: checking for ANSI C header files
configure:4209: mpicc -c   conftest.c >&5
configure:4209: $? = 0
configure:4282: mpicc -o conftest   -lpthread conftest.c  >&5
configure:4282: $? = 0
configure:4282: ./conftest
configure:4282: $? = 0
configure:4293: result: yes
configure:4301: checking for an ANSI C-conforming const
configure:4367: mpicc -c   conftest.c >&5
configure:4367: $? = 0
configure:4374: result: yes
configure:4388: checking for sys/types.h
configure:4388: mpicc -c   conftest.c >&5
configure:4388: $? = 0
configure:4388: result: yes
configure:4388: checking for sys/stat.h
configure:4388: mpicc -c   conftest.c >&5
configure:4388: $? = 0
configure:4388: result: yes
configure:4388: checking for stdlib.h
configure:4388: mpicc -c   conftest.c >&5
configure:4388: $? = 0
configure:4388: result: yes
configure:4388: checking for string.h
configure:4388: mpicc -c   conftest.c >&5
configure:4388: $? = 0
configure:4388: result: yes
configure:4388: checking for memory.h
configure:4388: mpicc -c   conftest.c >&5
configure:4388: $? = 0
configure:4388: result: yes
configure:4388: checking for strings.h
configure:4388: mpicc -c   conftest.c >&5
configure:4388: $? = 0
configure:4388: result: yes
configure:4388: checking for inttypes.h
configure:4388: mpicc -c   conftest.c >&5
configure:4388: $? = 0
configure:4388: result: yes
configure:4388: checking for stdint.h
configure:4388: mpicc -c   conftest.c >&5
configure:4388: $? = 0
configure:4388: result: yes
configure:4388: checking for unistd.h
configure:4388: mpicc -c   conftest.c >&5
configure:4388: $? = 0
configure:4388: result: yes
configure:4404: checking size of void *
configure:4409: mpicc -o conftest   -lpthread conftest.c  >&5
configure:4409: $? = 0
configure:4409: ./conftest
configure:4409: $? = 0
configure:4423: result: 8
configure:4433: checking for long pointer
configure:4439: result: yes
configure:4448: checking for system
configure:4448: mpicc -o conftest   -lpthread conftest.c  >&5
configure:4448: $? = 0
configure:4448: result: yes
configure:4461: checking for unistd.h
configure:4461: result: yes
configure:4461: checking for stdlib.h
configure:4461: result: yes
configure:4461: checking for string.h
configure:4461: result: yes
configure:4476: checking for MPI_Fint 
configure:4526: mpicc  -o conftest   -lpthread conftest.c  >&5
configure:4526: $? = 0
configure:4548: result: yes
configure:4567: checking for MPI_Comm_c2f() and MPI_Comm_f2c() 
configure:4622: mpicc  -o conftest   -lpthread conftest.c  >&5
configure:4622: $? = 0
configure:4644: result: yes
configure:4657: checking for the use of const in MPI function declaration 
configure:4710: mpicc  -c   conftest.c >&5
configure:4710: $? = 0
configure:4731: result: yes
configure:4805: creating ./config.status

## ---------------------- ##
## Running config.status. ##
## ---------------------- ##

This file was extended by mpe2 config.status 2.4.9b, which was
generated by GNU Autoconf 2.69.  Invocation command line was

  CONFIG_FILES    = 
  CONFIG_HEADERS  = 
  CONFIG_LINKS    = 
  CONFIG_COMMANDS = 
  $ ./config.status 

on login3.nots.rice.edu

config.status:852: creating Makefile
config.status:852: creating src/Makefile
config.status:852: creating contrib/life/Makefile
config.status:852: creating contrib/mandel/Makefile
config.status:852: creating contrib/mastermind/Makefile
config.status:852: creating contrib/test/Makefile
config.status:852: creating etc/mpe_mpianim.conf
config.status:852: creating etc/mpe_graphics.conf
config.status:852: creating mpe_graphics_conf.h

## ---------------- ##
## Cache variables. ##
## ---------------- ##

ac_cv_c_compiler_gnu=yes
ac_cv_c_const=yes
ac_cv_env_CC_set=set
ac_cv_env_CC_value=mpicc
ac_cv_env_CFLAGS_set=
ac_cv_env_CFLAGS_value=
ac_cv_env_CPPFLAGS_set=
ac_cv_env_CPPFLAGS_value=
ac_cv_env_CPP_set=
ac_cv_env_CPP_value=
ac_cv_env_LDFLAGS_set=set
ac_cv_env_LDFLAGS_value=-lpthread
ac_cv_env_LIBS_set=
ac_cv_env_LIBS_value=
ac_cv_env_XMKMF_set=
ac_cv_env_XMKMF_value=
ac_cv_env_build_alias_set=
ac_cv_env_build_alias_value=
ac_cv_env_host_alias_set=
ac_cv_env_host_alias_value=
ac_cv_env_target_alias_set=
ac_cv_env_target_alias_value=
ac_cv_func_system=yes
ac_cv_have_x='have_x=yes	ac_x_includes='\'''\''	ac_x_libraries='\'''\'''
ac_cv_header_inttypes_h=yes
ac_cv_header_memory_h=yes
ac_cv_header_stdc=yes
ac_cv_header_stdint_h=yes
ac_cv_header_stdlib_h=yes
ac_cv_header_string_h=yes
ac_cv_header_strings_h=yes
ac_cv_header_sys_stat_h=yes
ac_cv_header_sys_types_h=yes
ac_cv_header_unistd_h=yes
ac_cv_objext=o
ac_cv_path_EGREP='/usr/bin/grep -E'
ac_cv_path_GREP=/usr/bin/grep
ac_cv_prog_AR=ar
ac_cv_prog_CPP='mpicc -E'
ac_cv_prog_ac_ct_CC=mpicc
ac_cv_prog_ac_ct_RANLIB=ranlib
ac_cv_prog_cc_c89=
ac_cv_prog_cc_g=yes
ac_cv_prog_cc_mpicc_c_o=yes
ac_cv_sizeof_void_p=8

## ----------------- ##
## Output variables. ##
## ----------------- ##

ANIM_LIBNAME='ampe'
ANIM_LIBS='-lampe -lmpe -lX11'
AR='ar'
CC='mpicc'
CC_DOES_C_O='yes'
CFLAGS=''
CLINKER='mpicc'
CPP='mpicc -E'
CPPFLAGS=''
CPRP='cp'
DEBUG_LIBS=''
DEFS='-DHAVE_CONFIG_H'
ECHO_C=''
ECHO_N='-n'
ECHO_T=''
EGREP='/usr/bin/grep -E'
EXEEXT=''
F77='mpif77'
FFLAGS=''
FINC_PATH_LEADER='-I'
FLIB_PATH_LEADER='-L'
FLINKER='mpif77'
GREP='/usr/bin/grep'
LDFLAGS='-lpthread'
LIBOBJS=''
LIBS=''
LTLIBOBJS=''
MAKE='make --no-print-directory'
MKDIR='mkdir'
MPE_BUILD_FORTRAN2C='yes'
MPE_CLINKER='/projects/comp422/mpi/mpe2-2.4.9b/BUILD/bin/mpecc -'
MPE_FLINKER='/projects/comp422/mpi/mpe2-2.4.9b/BUILD/bin/mpefc -'
MPI_CC='mpicc '
MPI_CFLAGS=''
MPI_F77='mpif77 '
MPI_FFLAGS=''
MPI_IMPL='UserSupplied'
MPI_LIBS=''
MV='mv'
OBJEXT='o'
PACKAGE_BUGREPORT='wgropp@illinois.edu'
PACKAGE_NAME='mpe2'
PACKAGE_STRING='mpe2 2.4.9b'
PACKAGE_TARNAME='mpe2'
PACKAGE_URL='http://www.mcs.anl.gov/research/projects/perfvis/software/MPE/'
PACKAGE_VERSION='2.4.9b'
PATH_SEPARATOR=':'
PROF_LIBNAME='mpe'
PROF_LIBS='-lmpe'
RANLIB='ranlib'
RM='rm'
SHELL='/bin/sh'
VPATH='VPATH=.:$(srcdir)'
XGRAPH_LIBS='-lmpe -lX11'
XMKMF=''
X_INC=''
X_LIB='-lX11'
ac_ct_CC='mpicc'
binbuild_dir='/projects/comp422/mpi/mpe2-2.4.9b/BUILD/bin'
bindir='${exec_prefix}/bin'
build_alias=''
datadir='${datarootdir}'
datarootdir='${prefix}/share'
docdir='${datarootdir}/doc/${PACKAGE_TARNAME}'
dvidir='${docdir}'
etcbuild_dir='/projects/comp422/mpi/mpe2-2.4.9b/BUILD/etc'
exec_prefix='${prefix}'
host_alias=''
htmldir='${docdir}'
includebuild_dir='/projects/comp422/mpi/mpe2-2.4.9b/BUILD/include'
includedir='${prefix}/include'
infodir='${datarootdir}/info'
libbuild_dir='/projects/comp422/mpi/mpe2-2.4.9b/BUILD/lib'
libdir='${exec_prefix}/lib'
libexecdir='${exec_prefix}/libexec'
localedir='${datarootdir}/locale'
localstatedir='${prefix}/var'
mandir='${datarootdir}/man'
oldincludedir='/usr/include'
pdfdir='${docdir}'
prefix='/projects/comp422/pkgs/mpe'
program_transform_name='s,x,x,'
psdir='${docdir}'
sbinbuild_dir='/projects/comp422/mpi/mpe2-2.4.9b/BUILD/sbin'
sbindir='${exec_prefix}/sbin'
sharedstatedir='${prefix}/com'
sysconfdir='${prefix}/etc'
target_alias=''
top_srcdir_abs='../../../src/graphics'

## ----------- ##
## confdefs.h. ##
## ----------- ##

/* confdefs.h */
#define PACKAGE_NAME "mpe2"
#define PACKAGE_TARNAME "mpe2"
#define PACKAGE_VERSION "2.4.9b"
#define PACKAGE_STRING "mpe2 2.4.9b"
#define PACKAGE_BUGREPORT "wgropp@illinois.edu"
#define PACKAGE_URL "http://www.mcs.anl.gov/research/projects/perfvis/software/MPE/"
#define STDC_HEADERS 1
#define HAVE_SYS_TYPES_H 1
#define HAVE_SYS_STAT_H 1
#define HAVE_STDLIB_H 1
#define HAVE_STRING_H 1
#define HAVE_MEMORY_H 1
#define HAVE_STRINGS_H 1
#define HAVE_INTTYPES_H 1
#define HAVE_STDINT_H 1
#define HAVE_UNISTD_H 1
#define SIZEOF_VOID_P 8
#define POINTER_64_BITS 1
#define HAVE_SYSTEM 1
#define HAVE_UNISTD_H 1
#define HAVE_STDLIB_H 1
#define HAVE_STRING_H 1
#define HAVE_MPI_COMM_F2C 1
#define HAVE_CONST_IN_MPI_DECL 1

configure: exit 0
