This file contains any messages produced by compilers while
running configure, to aid debugging if configure makes a mistake.

It was created by mpe2 configure 2.4.9b, which was
generated by GNU Autoconf 2.69.  Invocation command line was

  $ ../../../src/wrappers/configure --disable-option-checking --prefix=/projects/comp422/pkgs/mpe CC=mpicc F77=mpif77 LDFLAGS=-lpthread --cache-file=/dev/null --srcdir=../../../src/wrappers

## --------- ##
## Platform. ##
## --------- ##

hostname = login3.nots.rice.edu
uname -m = x86_64
uname -r = 3.10.0-327.36.3.el7.x86_64
uname -s = Linux
uname -v = #1 SMP Thu Oct 20 04:56:07 EDT 2016

/usr/bin/uname -p = x86_64
/bin/uname -X     = unknown

/bin/arch              = x86_64
/usr/bin/arch -k       = unknown
/usr/convex/getsysinfo = unknown
/usr/bin/hostinfo      = unknown
/bin/machine           = unknown
/usr/bin/oslevel       = unknown
/bin/universe          = unknown

PATH: /opt/apps/software/Core/Java/1.8.0_162
PATH: /opt/apps/software/Core/Java/1.8.0_162/bin
PATH: /opt/apps/software/Compiler/GCC/7.3.0/OpenMPI/3.1.2/bin
PATH: /opt/apps/software/Core/GCCcore/7.3.0/bin
PATH: /opt/apps/software/Core/xalt/default/bin
PATH: /usr/local/bin
PATH: /usr/bin
PATH: /usr/local/sbin
PATH: /usr/sbin
PATH: /home/johnmc/bin
PATH: /opt/apps/software/Core/icc/2018.2.199-GCC-6.4.0/parallel_studio_xe_2018.2.046/bin


## ----------- ##
## Core tests. ##
## ----------- ##

configure:2428: checking gnumake
configure:2443: result: yes using --no-print-directory
configure:2457: checking BSD 4.4 make
configure:2477: result: no - whew
configure:2483: checking OSF V3 make
configure:2502: result: no
configure:2509: checking for virtual path format
configure:2524: result: VPATH
configure:2719: checking for gcc
configure:2746: result: mpicc
configure:2975: checking for C compiler version
configure:2984: mpicc --version >&5
gcc (GCC) 7.3.0
Copyright (C) 2017 Free Software Foundation, Inc.
This is free software; see the source for copying conditions.  There is NO
warranty; not even for MERCHANTABILITY or FITNESS FOR A PARTICULAR PURPOSE.

configure:2995: $? = 0
configure:2984: mpicc -v >&5
Using built-in specs.
COLLECT_GCC=/opt/apps/software/Core/GCCcore/7.3.0/bin/gcc
COLLECT_LTO_WRAPPER=/opt/apps/software/Core/GCCcore/7.3.0/libexec/gcc/x86_64-pc-linux-gnu/7.3.0/lto-wrapper
Target: x86_64-pc-linux-gnu
Configured with: ../configure --enable-languages=c,c++,fortran --enable-lto --enable-checking=release --disable-multilib --enable-shared=yes --enable-static=yes --enable-threads=posix --enable-gold=default --enable-plugins --enable-ld --with-plugin-ld=ld.gold --prefix=/opt/apps/software/Core/GCCcore/7.3.0 --with-local-prefix=/opt/apps/software/Core/GCCcore/7.3.0 --enable-bootstrap --with-isl=/dev/shm/ee19/GCCcore/7.3.0/dummy-/gcc-7.3.0/stage2_stuff
Thread model: posix
gcc version 7.3.0 (GCC) 
configure:2995: $? = 0
configure:2984: mpicc -V >&5
gcc: error: unrecognized command line option '-V'
gcc: fatal error: no input files
compilation terminated.
configure:2995: $? = 1
configure:2984: mpicc -qversion >&5
gcc: error: unrecognized command line option '-qversion'; did you mean '--version'?
gcc: fatal error: no input files
compilation terminated.
configure:2995: $? = 1
configure:3015: checking whether the C compiler works
configure:3037: mpicc   -lpthread conftest.c  >&5
configure:3041: $? = 0
configure:3089: result: yes
configure:3092: checking for C compiler default output file name
configure:3094: result: a.out
configure:3100: checking for suffix of executables
configure:3107: mpicc -o conftest   -lpthread conftest.c  >&5
configure:3111: $? = 0
configure:3133: result: 
configure:3155: checking whether we are cross compiling
configure:3163: mpicc -o conftest   -lpthread conftest.c  >&5
configure:3167: $? = 0
configure:3174: ./conftest
configure:3178: $? = 0
configure:3193: result: no
configure:3198: checking for suffix of object files
configure:3220: mpicc -c   conftest.c >&5
configure:3224: $? = 0
configure:3245: result: o
configure:3249: checking whether we are using the GNU C compiler
configure:3268: mpicc -c   conftest.c >&5
configure:3268: $? = 0
configure:3277: result: yes
configure:3286: checking whether mpicc accepts -g
configure:3306: mpicc -c -g  conftest.c >&5
configure:3306: $? = 0
configure:3347: result: yes
configure:3364: checking for mpicc option to accept ISO C89
configure:3427: mpicc  -c   conftest.c >&5
configure:3427: $? = 0
configure:3440: result: none needed
configure:3464: checking for ar
configure:3480: found /usr/bin/ar
configure:3492: result: ar
configure:3543: checking for ranlib
configure:3559: found /usr/bin/ranlib
configure:3570: result: ranlib
configure:3598: checking how to run the C preprocessor
configure:3629: mpicc -E  conftest.c
configure:3629: $? = 0
configure:3643: mpicc -E  conftest.c
conftest.c:9:10: fatal error: ac_nonexistent.h: No such file or directory
 #include <ac_nonexistent.h>
          ^~~~~~~~~~~~~~~~~~
compilation terminated.
configure:3643: $? = 1
configure: failed program was:
| /* confdefs.h */
| #define PACKAGE_NAME "mpe2"
| #define PACKAGE_TARNAME "mpe2"
| #define PACKAGE_VERSION "2.4.9b"
| #define PACKAGE_STRING "mpe2 2.4.9b"
| #define PACKAGE_BUGREPORT "wgropp@illinois.edu"
| #define PACKAGE_URL "http://www.mcs.anl.gov/research/projects/perfvis/software/MPE/"
| /* end confdefs.h.  */
| #include <ac_nonexistent.h>
configure:3668: result: mpicc -E
configure:3688: mpicc -E  conftest.c
configure:3688: $? = 0
configure:3702: mpicc -E  conftest.c
conftest.c:9:10: fatal error: ac_nonexistent.h: No such file or directory
 #include <ac_nonexistent.h>
          ^~~~~~~~~~~~~~~~~~
compilation terminated.
configure:3702: $? = 1
configure: failed program was:
| /* confdefs.h */
| #define PACKAGE_NAME "mpe2"
| #define PACKAGE_TARNAME "mpe2"
| #define PACKAGE_VERSION "2.4.9b"
| #define PACKAGE_STRING "mpe2 2.4.9b"
| #define PACKAGE_BUGREPORT "wgropp@illinois.edu"
| #define PACKAGE_URL "http://www.mcs.anl.gov/research/projects/perfvis/software/MPE/"
| /* end confdefs.h.  */
| #include <ac_nonexistent.h>
configure:3781: checking for grep that handles long lines and -e
configure:3839: result: /usr/bin/grep
configure:3844: checking for egrep
configure:3906: result: /usr/bin/grep -E
configure:3911: checking for ANSI C header files
configure:3931: mpicc -c   conftest.c >&5
configure:3931: $? = 0
configure:4004: mpicc -o conftest   -lpthread conftest.c  >&5
configure:4004: $? = 0
configure:4004: ./conftest
configure:4004: $? = 0
configure:4015: result: yes
configure:4023: checking for an ANSI C-conforming const
configure:4089: mpicc -c   conftest.c >&5
configure:4089: $? = 0
configure:4096: result: yes
configure:4110: checking for sys/types.h
configure:4110: mpicc -c   conftest.c >&5
configure:4110: $? = 0
configure:4110: result: yes
configure:4110: checking for sys/stat.h
configure:4110: mpicc -c   conftest.c >&5
configure:4110: $? = 0
configure:4110: result: yes
configure:4110: checking for stdlib.h
configure:4110: mpicc -c   conftest.c >&5
configure:4110: $? = 0
configure:4110: result: yes
configure:4110: checking for string.h
configure:4110: mpicc -c   conftest.c >&5
configure:4110: $? = 0
configure:4110: result: yes
configure:4110: checking for memory.h
configure:4110: mpicc -c   conftest.c >&5
configure:4110: $? = 0
configure:4110: result: yes
configure:4110: checking for strings.h
configure:4110: mpicc -c   conftest.c >&5
configure:4110: $? = 0
configure:4110: result: yes
configure:4110: checking for inttypes.h
configure:4110: mpicc -c   conftest.c >&5
configure:4110: $? = 0
configure:4110: result: yes
configure:4110: checking for stdint.h
configure:4110: mpicc -c   conftest.c >&5
configure:4110: $? = 0
configure:4110: result: yes
configure:4110: checking for unistd.h
configure:4110: mpicc -c   conftest.c >&5
configure:4110: $? = 0
configure:4110: result: yes
configure:4125: checking stdio.h usability
configure:4125: mpicc -c   conftest.c >&5
configure:4125: $? = 0
configure:4125: result: yes
configure:4125: checking stdio.h presence
configure:4125: mpicc -E  conftest.c
configure:4125: $? = 0
configure:4125: result: yes
configure:4125: checking for stdio.h
configure:4125: result: yes
configure:4125: checking for stdlib.h
configure:4125: result: yes
configure:4125: checking for string.h
configure:4125: result: yes
configure:4135: checking stdarg.h usability
configure:4135: mpicc -c   conftest.c >&5
configure:4135: $? = 0
configure:4135: result: yes
configure:4135: checking stdarg.h presence
configure:4135: mpicc -E  conftest.c
configure:4135: $? = 0
configure:4135: result: yes
configure:4135: checking for stdarg.h
configure:4135: result: yes
configure:4145: checking for size_t
configure:4145: mpicc -c   conftest.c >&5
configure:4145: $? = 0
configure:4145: mpicc -c   conftest.c >&5
conftest.c: In function 'main':
conftest.c:59:21: error: expected expression before ')' token
 if (sizeof ((size_t)))
                     ^
configure:4145: $? = 1
configure: failed program was:
| /* confdefs.h */
| #define PACKAGE_NAME "mpe2"
| #define PACKAGE_TARNAME "mpe2"
| #define PACKAGE_VERSION "2.4.9b"
| #define PACKAGE_STRING "mpe2 2.4.9b"
| #define PACKAGE_BUGREPORT "wgropp@illinois.edu"
| #define PACKAGE_URL "http://www.mcs.anl.gov/research/projects/perfvis/software/MPE/"
| #define STDC_HEADERS 1
| #define HAVE_SYS_TYPES_H 1
| #define HAVE_SYS_STAT_H 1
| #define HAVE_STDLIB_H 1
| #define HAVE_STRING_H 1
| #define HAVE_MEMORY_H 1
| #define HAVE_STRINGS_H 1
| #define HAVE_INTTYPES_H 1
| #define HAVE_STDINT_H 1
| #define HAVE_UNISTD_H 1
| #define HAVE_STDIO_H 1
| #define HAVE_STDLIB_H 1
| #define HAVE_STRING_H 1
| #define HAVE_STDARG_H 1
| /* end confdefs.h.  */
| #include <stdio.h>
| #ifdef HAVE_SYS_TYPES_H
| # include <sys/types.h>
| #endif
| #ifdef HAVE_SYS_STAT_H
| # include <sys/stat.h>
| #endif
| #ifdef STDC_HEADERS
| # include <stdlib.h>
| # include <stddef.h>
| #else
| # ifdef HAVE_STDLIB_H
| #  include <stdlib.h>
| # endif
| #endif
| #ifdef HAVE_STRING_H
| # if !defined STDC_HEADERS && defined HAVE_MEMORY_H
| #  include <memory.h>
| # endif
| # include <string.h>
| #endif
| #ifdef HAVE_STRINGS_H
| # include <strings.h>
| #endif
| #ifdef HAVE_INTTYPES_H
| # include <inttypes.h>
| #endif
| #ifdef HAVE_STDINT_H
| # include <stdint.h>
| #endif
| #ifdef HAVE_UNISTD_H
| # include <unistd.h>
| #endif
| int
| main ()
| {
| if (sizeof ((size_t)))
| 	    return 0;
|   ;
|   return 0;
| }
configure:4145: result: yes
configure:4158: checking for working alloca.h
configure:4175: mpicc -o conftest   -lpthread conftest.c  >&5
configure:4175: $? = 0
configure:4183: result: yes
configure:4191: checking for alloca
configure:4228: mpicc -o conftest   -lpthread conftest.c  >&5
configure:4228: $? = 0
configure:4236: result: yes
configure:4344: checking for stdarg is correct
configure:4372: mpicc -c   conftest.c >&5
configure:4373: result: yes
configure:4387: checking if compiler accepts prototypes 
configure:4400: mpicc -c   conftest.c >&5
configure:4400: $? = 0
configure:4410: result: yes
configure:4449: checking build system type
configure:4463: result: x86_64-unknown-linux-gnu
configure:4483: checking host system type
configure:4496: result: x86_64-unknown-linux-gnu
configure:4579: checking for safe PMPI invocations 
configure:4585: result: yes
configure:4596: checking for the use of const in MPI function declaration 
configure:4613: mpicc  -c   conftest.c >&5
configure:4613: $? = 0
configure:4619: result: yes
configure:4633: whether removed MPI-1 routines present:
configure:4639: checking for MPI_Type_hindexed
configure:4639: mpicc  -o conftest   -lpthread conftest.c  >&5
configure:4639: $? = 0
configure:4639: result: yes
configure:4652: checking for MPI_Type_struct
configure:4652: mpicc  -o conftest   -lpthread conftest.c  >&5
configure:4652: $? = 0
configure:4652: result: yes
configure:4665: checking for MPI_Address
configure:4665: mpicc  -o conftest   -lpthread conftest.c  >&5
configure:4665: $? = 0
configure:4665: result: yes
configure:4679: checking for incorrect use of const in removed routines
configure:4695: mpicc  -c   conftest.c >&5
conftest.c:33:5: error: conflicting types for 'MPI_Address'
 int MPI_Address(const void *v, MPI_Aint *add) { *add = 0; }
     ^~~~~~~~~~~
In file included from conftest.c:32:0:
/opt/apps/software/Compiler/GCC/7.3.0/OpenMPI/3.1.2/include/mpi.h:1186:20: note: previous declaration of 'MPI_Address' was here
 OMPI_DECLSPEC  int MPI_Address(void *location, MPI_Aint *address)
                    ^~~~~~~~~~~
configure:4695: $? = 1
configure: failed program was:
| /* confdefs.h */
| #define PACKAGE_NAME "mpe2"
| #define PACKAGE_TARNAME "mpe2"
| #define PACKAGE_VERSION "2.4.9b"
| #define PACKAGE_STRING "mpe2 2.4.9b"
| #define PACKAGE_BUGREPORT "wgropp@illinois.edu"
| #define PACKAGE_URL "http://www.mcs.anl.gov/research/projects/perfvis/software/MPE/"
| #define STDC_HEADERS 1
| #define HAVE_SYS_TYPES_H 1
| #define HAVE_SYS_STAT_H 1
| #define HAVE_STDLIB_H 1
| #define HAVE_STRING_H 1
| #define HAVE_MEMORY_H 1
| #define HAVE_STRINGS_H 1
| #define HAVE_INTTYPES_H 1
| #define HAVE_STDINT_H 1
| #define HAVE_UNISTD_H 1
| #define HAVE_STDIO_H 1
| #define HAVE_STDLIB_H 1
| #define HAVE_STRING_H 1
| #define HAVE_STDARG_H 1
| #define HAVE_ALLOCA_H 1
| #define HAVE_ALLOCA 1
| #define USE_STDARG 1
| #define HAVE_PROTOTYPES 1
| #define MAKE_SAFE_PMPI_CALL 1
| #define HAVE_CONST_IN_MPI_DECL 1
| #define HAVE_MPI_TYPE_HINDEXED 1
| #define HAVE_MPI_TYPE_STRUCT 1
| #define HAVE_MPI_ADDRESS 1
| /* end confdefs.h.  */
| #include "mpi.h"
| int MPI_Address(const void *v, MPI_Aint *add) { *add = 0; }
| int
| main ()
| {
| return 0;
|   ;
|   return 0;
| }
configure:4702: result: no
configure:4713: checking for the C version of MPI_Init_thread 
configure:4765: mpicc  -o conftest   -lpthread conftest.c  >&5
configure:4765: $? = 0
configure:4788: result: yes
configure:4790: checking for the C version of PMPI_Init_thread 
configure:4842: mpicc  -o conftest   -lpthread conftest.c  >&5
configure:4842: $? = 0
configure:4865: result: yes
configure:4882: checking for the C version of MPI_File_open() 
configure:4935: mpicc  -o conftest   -lpthread conftest.c  >&5
configure:4935: $? = 0
configure:4958: result: yes
configure:4960: checking for the C version of PMPI_File_open() 
configure:5013: mpicc  -o conftest   -lpthread conftest.c  >&5
configure:5013: $? = 0
configure:5036: result: yes
configure:5041: checking for ROMIO's MPIO_Request 
configure:5091: mpicc  -o conftest   -lpthread conftest.c  >&5
configure:5091: $? = 0
configure:5114: result: yes
configure:5142: checking for the C version of MPI_Win_create 
configure:5194: mpicc  -o conftest   -lpthread conftest.c  >&5
configure:5194: $? = 0
configure:5217: result: yes
configure:5219: checking for the C version of PMPI_Win_create 
configure:5271: mpicc  -o conftest   -lpthread conftest.c  >&5
configure:5271: $? = 0
configure:5294: result: yes
configure:5300: checking for the C version of MPI_Win_lock/unlock
configure:5354: mpicc  -o conftest   -lpthread conftest.c  >&5
configure:5354: $? = 0
configure:5377: result: yes
configure:5379: checking for the C version of PMPI_Win_lock/unlock
configure:5433: mpicc  -o conftest   -lpthread conftest.c  >&5
configure:5433: $? = 0
configure:5456: result: yes
configure:5470: checking for the C version of MPI_Win_test
configure:5523: mpicc  -o conftest   -lpthread conftest.c  >&5
configure:5523: $? = 0
configure:5546: result: yes
configure:5548: checking for the C version of PMPI_Win_test
configure:5601: mpicc  -o conftest   -lpthread conftest.c  >&5
configure:5601: $? = 0
configure:5624: result: yes
configure:5663: checking for the C version of MPI_Comm_connect/accept() 
configure:5716: mpicc  -o conftest   -lpthread conftest.c  >&5
configure:5716: $? = 0
configure:5739: result: yes
configure:5741: checking for the C version of PMPI_Comm_connect/accept() 
configure:5794: mpicc  -o conftest   -lpthread conftest.c  >&5
configure:5794: $? = 0
configure:5817: result: yes
configure:5823: checking for the C version of MPI_Publish/Lookup_name() 
configure:5877: mpicc  -o conftest   -lpthread conftest.c  >&5
configure:5877: $? = 0
configure:5900: result: yes
configure:5902: checking for the C version of PMPI_Publish/Lookup_name() 
configure:5956: mpicc  -o conftest   -lpthread conftest.c  >&5
configure:5956: $? = 0
configure:5979: result: yes
configure:6010: checking for MPI_STATUS_IGNORE 
configure:6063: mpicc  -o conftest   -lpthread conftest.c  >&5
configure:6063: $? = 0
configure:6085: result: yes
configure:6100: checking for MPI_STATUSES_IGNORE 
configure:6153: mpicc  -o conftest   -lpthread conftest.c  >&5
configure:6153: $? = 0
configure:6175: result: yes
configure:6278: checking for MPI_Fint 
configure:6328: mpicc  -o conftest   -lpthread conftest.c  >&5
configure:6328: $? = 0
configure:6351: result: yes
configure:6363: checking for MPI_F_STATUS_IGNORE 
configure:6416: mpicc  -o conftest   -lpthread conftest.c  >&5
configure:6416: $? = 0
configure:6438: result: yes
configure:6446: checking for MPI_F_STATUSES_IGNORE 
configure:6499: mpicc  -o conftest   -lpthread conftest.c  >&5
configure:6499: $? = 0
configure:6521: result: yes
configure:6529: checking for MPI_Comm_c2f() and MPI_Comm_f2c() 
configure:6582: mpicc  -o conftest   -lpthread conftest.c  >&5
configure:6582: $? = 0
configure:6604: result: yes
configure:6616: checking for MPI_Status_c2f() and MPI_Status_f2c() 
configure:6673: mpicc  -o conftest   -lpthread conftest.c  >&5
configure:6673: $? = 0
configure:6695: result: yes
configure:6704: checking for MPI_Type_c2f() and MPI_Type_f2c() 
configure:6757: mpicc  -o conftest   -lpthread conftest.c  >&5
configure:6757: $? = 0
configure:6779: result: yes
configure:6788: checking for MPI_Group_c2f() and MPI_Group_f2c() 
configure:6841: mpicc  -o conftest   -lpthread conftest.c  >&5
configure:6841: $? = 0
configure:6863: result: yes
configure:6872: checking for MPI_Request_c2f() and MPI_Request_f2c() 
configure:6925: mpicc  -o conftest   -lpthread conftest.c  >&5
configure:6925: $? = 0
configure:6947: result: yes
configure:6956: checking for MPI_Op_c2f() and MPI_Op_f2c() 
configure:7009: mpicc  -o conftest   -lpthread conftest.c  >&5
configure:7009: $? = 0
configure:7031: result: yes
configure:7040: checking for MPI_Errhandler_c2f() and MPI_Errhandler_f2c() 
configure:7093: mpicc  -o conftest   -lpthread conftest.c  >&5
configure:7093: $? = 0
configure:7115: result: yes
configure:7232: checking for Fortran 77 compiler version
configure:7241: mpif77 --version >&5
GNU Fortran (GCC) 7.3.0
Copyright (C) 2017 Free Software Foundation, Inc.
This is free software; see the source for copying conditions.  There is NO
warranty; not even for MERCHANTABILITY or FITNESS FOR A PARTICULAR PURPOSE.

configure:7252: $? = 0
configure:7241: mpif77 -v >&5
Using built-in specs.
COLLECT_GCC=/opt/apps/software/Core/GCCcore/7.3.0/bin/gfortran
COLLECT_LTO_WRAPPER=/opt/apps/software/Core/GCCcore/7.3.0/libexec/gcc/x86_64-pc-linux-gnu/7.3.0/lto-wrapper
Target: x86_64-pc-linux-gnu
Configured with: ../configure --enable-languages=c,c++,fortran --enable-lto --enable-checking=release --disable-multilib --enable-shared=yes --enable-static=yes --enable-threads=posix --enable-gold=default --enable-plugins --enable-ld --with-plugin-ld=ld.gold --prefix=/opt/apps/software/Core/GCCcore/7.3.0 --with-local-prefix=/opt/apps/software/Core/GCCcore/7.3.0 --enable-bootstrap --with-isl=/dev/shm/ee19/GCCcore/7.3.0/dummy-/gcc-7.3.0/stage2_stuff
Thread model: posix
gcc version 7.3.0 (GCC) 
configure:7252: $? = 0
configure:7241: mpif77 -V >&5
gfortran: error: unrecognized command line option '-V'
gfortran: fatal error: no input files
compilation terminated.
configure:7252: $? = 1
configure:7241: mpif77 -qversion >&5
gfortran: error: unrecognized command line option '-qversion'; did you mean '--version'?
gfortran: fatal error: no input files
compilation terminated.
configure:7252: $? = 1
configure:7261: checking whether we are using the GNU Fortran 77 compiler
configure:7274: mpif77 -c  conftest.F >&5
configure:7274: $? = 0
configure:7283: result: yes
configure:7289: checking whether mpif77 accepts -g
configure:7300: mpif77 -c -g conftest.f >&5
configure:7300: $? = 0
configure:7308: result: yes
configure:7338: checking for the Fortran version of mpir_iargc() 
configure:7373: mpif77  -o conftest  -lpthread conftest.f  >&5
/tmp/ccHyUXvK.o:conftest.f:function MAIN__: error: undefined reference to 'mpir_iargc_'
collect2: error: ld returned 1 exit status
configure:7373: $? = 1
configure: failed program was:
| 
| 
| 	include 'mpif.h'
| 	integer pac_ierr
| 
|         integer ii
| 
| 	call MPI_Init( pac_ierr )
| 
|         ii = mpir_iargc()
| 
| 	call MPI_Finalize( pac_ierr )
| 	end
| 
| 
configure:7402: result: no
configure:7405: checking for the Fortran version of mpir_getarg() 
configure:7440: mpif77  -o conftest  -lpthread conftest.f  >&5
/tmp/ccTfaHcV.o:conftest.f:function MAIN__: error: undefined reference to 'mpir_getarg_'
collect2: error: ld returned 1 exit status
configure:7440: $? = 1
configure: failed program was:
| 
| 
| 	include 'mpif.h'
| 	integer pac_ierr
| 
|         integer idx
|         character*80 str
| 
| 	call MPI_Init( pac_ierr )
| 
|         call mpir_getarg( idx, str )
| 
| 	call MPI_Finalize( pac_ierr )
| 	end
| 
| 
configure:7469: result: no
configure:7533: creating ./config.status

## ---------------------- ##
## Running config.status. ##
## ---------------------- ##

This file was extended by mpe2 config.status 2.4.9b, which was
generated by GNU Autoconf 2.69.  Invocation command line was

  CONFIG_FILES    = 
  CONFIG_HEADERS  = 
  CONFIG_LINKS    = 
  CONFIG_COMMANDS = 
  $ ./config.status 

on login3.nots.rice.edu

config.status:881: creating Makefile
config.status:881: creating src/Makefile
config.status:881: creating test/Makefile
config.status:881: creating etc/mpe_f77env.conf
config.status:881: creating etc/mpe_mpilog.conf
config.status:881: creating etc/mpe_mpitrace.conf
config.status:881: creating mpe_wrappers_conf.h

## ---------------- ##
## Cache variables. ##
## ---------------- ##

ac_cv_build=x86_64-unknown-linux-gnu
ac_cv_c_compiler_gnu=yes
ac_cv_c_const=yes
ac_cv_env_CC_set=set
ac_cv_env_CC_value=mpicc
ac_cv_env_CFLAGS_set=
ac_cv_env_CFLAGS_value=
ac_cv_env_CPPFLAGS_set=
ac_cv_env_CPPFLAGS_value=
ac_cv_env_CPP_set=
ac_cv_env_CPP_value=
ac_cv_env_F77_set=set
ac_cv_env_F77_value=mpif77
ac_cv_env_FFLAGS_set=
ac_cv_env_FFLAGS_value=
ac_cv_env_LDFLAGS_set=set
ac_cv_env_LDFLAGS_value=-lpthread
ac_cv_env_LIBS_set=
ac_cv_env_LIBS_value=
ac_cv_env_build_alias_set=
ac_cv_env_build_alias_value=
ac_cv_env_host_alias_set=
ac_cv_env_host_alias_value=
ac_cv_env_target_alias_set=
ac_cv_env_target_alias_value=
ac_cv_f77_compiler_gnu=yes
ac_cv_func_MPI_Address=yes
ac_cv_func_MPI_Type_hindexed=yes
ac_cv_func_MPI_Type_struct=yes
ac_cv_func_alloca_works=yes
ac_cv_header_inttypes_h=yes
ac_cv_header_memory_h=yes
ac_cv_header_stdarg_h=yes
ac_cv_header_stdc=yes
ac_cv_header_stdint_h=yes
ac_cv_header_stdio_h=yes
ac_cv_header_stdlib_h=yes
ac_cv_header_string_h=yes
ac_cv_header_strings_h=yes
ac_cv_header_sys_stat_h=yes
ac_cv_header_sys_types_h=yes
ac_cv_header_unistd_h=yes
ac_cv_host=x86_64-unknown-linux-gnu
ac_cv_objext=o
ac_cv_path_EGREP='/usr/bin/grep -E'
ac_cv_path_GREP=/usr/bin/grep
ac_cv_prog_AR=ar
ac_cv_prog_CPP='mpicc -E'
ac_cv_prog_ac_ct_CC=mpicc
ac_cv_prog_ac_ct_RANLIB=ranlib
ac_cv_prog_cc_c89=
ac_cv_prog_cc_g=yes
ac_cv_prog_f77_g=yes
ac_cv_type_size_t=yes
ac_cv_working_alloca_h=yes

## ----------------- ##
## Output variables. ##
## ----------------- ##

ALLOCA=''
AR='ar'
CC='mpicc '
CFLAGS=''
CLINKER='mpicc'
CPP='mpicc -E'
CPPFLAGS=''
CPRP='cp'
DEBUG_LIBS=''
DEFS='-DHAVE_CONFIG_H'
ECHO_C=''
ECHO_N='-n'
ECHO_T=''
EGREP='/usr/bin/grep -E'
EXEEXT=''
F2CMPI_LIBNAME='mpe_f2cmpi'
F2CMPI_LIBS='-lmpe_f2cmpi'
F77='mpif77'
FFLAGS=''
FINC_PATH_LEADER='-I'
FLIB_PATH_LEADER='-L'
FLINKER='mpif77'
GREP='/usr/bin/grep'
LDFLAGS='-lpthread'
LIBOBJS=''
LIBS=''
LOG_LIBNAME='lmpe'
LOG_LIBS='-llmpe -lmpe'
LTLIBOBJS=''
MAKE='make --no-print-directory'
MKDIR='mkdir'
MPE_BUILD_FORTRAN2C='yes'
MPE_CLINKER='/projects/comp422/mpi/mpe2-2.4.9b/BUILD/bin/mpecc -'
MPE_FLINKER='/projects/comp422/mpi/mpe2-2.4.9b/BUILD/bin/mpefc -'
MPI_CC='mpicc '
MPI_CFLAGS=''
MPI_F77='mpif77 '
MPI_FFLAGS=''
MPI_IMPL='UserSupplied'
MPI_LIBS=''
MV='mv'
OBJEXT='o'
PACKAGE_BUGREPORT='wgropp@illinois.edu'
PACKAGE_NAME='mpe2'
PACKAGE_STRING='mpe2 2.4.9b'
PACKAGE_TARNAME='mpe2'
PACKAGE_URL='http://www.mcs.anl.gov/research/projects/perfvis/software/MPE/'
PACKAGE_VERSION='2.4.9b'
PATH_SEPARATOR=':'
PROF_LIBS='-lmpe'
RANLIB='ranlib'
RM='rm'
SHELL='/bin/sh'
TRACE_LIBNAME='tmpe'
TRACE_LIBS='-ltmpe'
VPATH='VPATH=.:$(srcdir)'
ac_ct_CC='mpicc'
ac_ct_F77=''
binbuild_dir='/projects/comp422/mpi/mpe2-2.4.9b/BUILD/bin'
bindir='${exec_prefix}/bin'
build='x86_64-unknown-linux-gnu'
build_alias=''
build_cpu='x86_64'
build_os='linux-gnu'
build_vendor='unknown'
datadir='${datarootdir}'
datarootdir='${prefix}/share'
docdir='${datarootdir}/doc/${PACKAGE_TARNAME}'
dvidir='${docdir}'
etcbuild_dir='/projects/comp422/mpi/mpe2-2.4.9b/BUILD/etc'
exec_prefix='${prefix}'
host='x86_64-unknown-linux-gnu'
host_alias=''
host_cpu='x86_64'
host_os='linux-gnu'
host_vendor='unknown'
htmldir='${docdir}'
includebuild_dir='/projects/comp422/mpi/mpe2-2.4.9b/BUILD/include'
includedir='${prefix}/include'
infodir='${datarootdir}/info'
libbuild_dir='/projects/comp422/mpi/mpe2-2.4.9b/BUILD/lib'
libdir='${exec_prefix}/lib'
libexecdir='${exec_prefix}/libexec'
localedir='${datarootdir}/locale'
localstatedir='${prefix}/var'
mandir='${datarootdir}/man'
oldincludedir='/usr/include'
pdfdir='${docdir}'
prefix='/projects/comp422/pkgs/mpe'
program_transform_name='s,x,x,'
psdir='${docdir}'
sbinbuild_dir='/projects/comp422/mpi/mpe2-2.4.9b/BUILD/sbin'
sbindir='${exec_prefix}/sbin'
sharedstatedir='${prefix}/com'
sysconfdir='${prefix}/etc'
target_alias=''
top_srcdir_abs='../../../src/wrappers'

## ----------- ##
## confdefs.h. ##
## ----------- ##

/* confdefs.h */
#define PACKAGE_NAME "mpe2"
#define PACKAGE_TARNAME "mpe2"
#define PACKAGE_VERSION "2.4.9b"
#define PACKAGE_STRING "mpe2 2.4.9b"
#define PACKAGE_BUGREPORT "wgropp@illinois.edu"
#define PACKAGE_URL "http://www.mcs.anl.gov/research/projects/perfvis/software/MPE/"
#define STDC_HEADERS 1
#define HAVE_SYS_TYPES_H 1
#define HAVE_SYS_STAT_H 1
#define HAVE_STDLIB_H 1
#define HAVE_STRING_H 1
#define HAVE_MEMORY_H 1
#define HAVE_STRINGS_H 1
#define HAVE_INTTYPES_H 1
#define HAVE_STDINT_H 1
#define HAVE_UNISTD_H 1
#define HAVE_STDIO_H 1
#define HAVE_STDLIB_H 1
#define HAVE_STRING_H 1
#define HAVE_STDARG_H 1
#define HAVE_ALLOCA_H 1
#define HAVE_ALLOCA 1
#define USE_STDARG 1
#define HAVE_PROTOTYPES 1
#define MAKE_SAFE_PMPI_CALL 1
#define HAVE_CONST_IN_MPI_DECL 1
#define HAVE_MPI_TYPE_HINDEXED 1
#define HAVE_MPI_TYPE_STRUCT 1
#define HAVE_MPI_ADDRESS 1
#define HAVE_MPI_INIT_THREAD 1
#define HAVE_MPI_IO 1
#define HAVE_MPI_RMA 1
#define HAVE_MPI_RMA_LOCK 1
#define HAVE_MPI_RMA_TEST 1
#define HAVE_MPI_SPAWN 1
#define HAVE_MPI_NAMING 1
#define HAVE_MPI_STATUS_IGNORE 1
#define HAVE_MPI_STATUSES_IGNORE 1
#define HAVE_MPI_F_STATUS_IGNORE 1
#define HAVE_MPI_F_STATUSES_IGNORE 1
#define HAVE_MPI_COMM_F2C 1
#define HAVE_MPI_STATUS_F2C 1
#define HAVE_MPI_TYPE_F2C 1
#define HAVE_MPI_GROUP_F2C 1
#define HAVE_MPI_REQUEST_F2C 1
#define HAVE_MPI_OP_F2C 1
#define HAVE_MPI_ERRHANDLER_F2C 1

configure: exit 0
