This file contains any messages produced by compilers while
running configure, to aid debugging if configure makes a mistake.

It was created by configure, which was
generated by GNU Autoconf 2.69.  Invocation command line was

  $ ../../../src/slog2sdk/configure --disable-option-checking --prefix=/projects/comp422/pkgs/mpe CC=mpicc F77=mpif77 LDFLAGS=-lpthread --cache-file=/dev/null --srcdir=../../../src/slog2sdk

## --------- ##
## Platform. ##
## --------- ##

hostname = login3.nots.rice.edu
uname -m = x86_64
uname -r = 3.10.0-327.36.3.el7.x86_64
uname -s = Linux
uname -v = #1 SMP Thu Oct 20 04:56:07 EDT 2016

/usr/bin/uname -p = x86_64
/bin/uname -X     = unknown

/bin/arch              = x86_64
/usr/bin/arch -k       = unknown
/usr/convex/getsysinfo = unknown
/usr/bin/hostinfo      = unknown
/bin/machine           = unknown
/usr/bin/oslevel       = unknown
/bin/universe          = unknown

PATH: /opt/apps/software/Core/Java/1.8.0_162
PATH: /opt/apps/software/Core/Java/1.8.0_162/bin
PATH: /opt/apps/software/Compiler/GCC/7.3.0/OpenMPI/3.1.2/bin
PATH: /opt/apps/software/Core/GCCcore/7.3.0/bin
PATH: /opt/apps/software/Core/xalt/default/bin
PATH: /usr/local/bin
PATH: /usr/bin
PATH: /usr/local/sbin
PATH: /usr/sbin
PATH: /home/johnmc/bin
PATH: /opt/apps/software/Core/icc/2018.2.199-GCC-6.4.0/parallel_studio_xe_2018.2.046/bin


## ----------- ##
## Core tests. ##
## ----------- ##

configure:1945: checking gnumake
configure:1960: result: yes using --no-print-directory
configure:1974: checking BSD 4.4 make
configure:1994: result: no - whew
configure:2000: checking OSF V3 make
configure:2019: result: no
configure:2026: checking for virtual path format
configure:2041: result: VPATH
configure:2086: checking for a BSD-compatible install
configure:2154: result: /usr/bin/install -c
configure:2174: checking whether install works
configure:2182: result: yes
configure:2221: checking if CLASSPATH is set
configure:2246: result: no, good to go
configure:2256: checking build system type
configure:2270: result: x86_64-unknown-linux-gnu
configure:2290: checking host system type
configure:2303: result: x86_64-unknown-linux-gnu
configure:2595: checking for java in user's PATH
configure:2597: result: found /opt/apps/software/Core/Java/1.8.0_162/bin/java
configure:2604: checking if /opt/apps/software/Core/Java/1.8.0_162/bin/java runs simple java class
configure:2620: /opt/apps/software/Core/Java/1.8.0_162/bin/java  simple 1>&5
configure:2623: $? = 0
configure:2635: result: yes
configure:2643: checking if /opt/apps/software/Core/Java/1.8.0_162/bin/java runs simple jar file
configure:2658: /opt/apps/software/Core/Java/1.8.0_162/bin/java  -jar simple.jar 1>&5
configure:2661: $? = 0
configure:2673: result: yes
configure:2681: checking if /opt/apps/software/Core/Java/1.8.0_162/bin/java runs non-GUI tool
configure:2696: /opt/apps/software/Core/Java/1.8.0_162/bin/java  -jar awt_color.jar 1>&5
blue =java.awt.Color[r=0,g=0,b=255]
configure:2699: $? = 0
configure:2747: result: yes
configure:2753: checking if /opt/apps/software/Core/Java/1.8.0_162/bin/java runs simple Swing class
configure:2769: /opt/apps/software/Core/Java/1.8.0_162/bin/java  simple_swing 1>&5
configure:2772: $? = 0
configure:2784: result: yes
configure:2793: checking if /opt/apps/software/Core/Java/1.8.0_162/bin/java runs simple Swing jar file
configure:2808: /opt/apps/software/Core/Java/1.8.0_162/bin/java  -jar simple_swing.jar 1>&5
configure:2811: $? = 0
configure:2823: result: yes
configure:3244: checking for Java version
configure:3261: result: java full version "1.8.0_162-b12", i.e. Java 2 SDK
configure:3286: checking for cygpath
configure:3305: result: no
configure:3324: creating /projects/comp422/mpi/mpe2-2.4.9b/BUILD/src/slog2sdk/lib from source
configure:3340: creating /projects/comp422/mpi/mpe2-2.4.9b/BUILD/src/slog2sdk/doc from source
configure:3357: creating directory /projects/comp422/mpi/mpe2-2.4.9b/BUILD/src/slog2sdk/share
configure:3365: creating directory /projects/comp422/mpi/mpe2-2.4.9b/BUILD/src/slog2sdk/share/examples/logfiles
configure:3372: creating sample logfiles from source
configure:3451: checking for leftover Makefiles in subpackages 
configure:3466: result: none 
configure:3622: creating ./config.status

## ---------------------- ##
## Running config.status. ##
## ---------------------- ##

This file was extended by config.status, which was
generated by GNU Autoconf 2.69.  Invocation command line was

  CONFIG_FILES    = 
  CONFIG_HEADERS  = 
  CONFIG_LINKS    = 
  CONFIG_COMMANDS = 
  $ ./config.status 

on login3.nots.rice.edu

config.status:742: creating Makefile
config.status:742: creating sbin/install-package
config.status:742: creating bin/slog2print
config.status:742: creating bin/slog2navigator
config.status:742: creating bin/slog2filter
config.status:742: creating bin/slog2updater
config.status:742: creating bin/logconvertor
config.status:742: creating bin/jumpshot
config.status:742: creating bin/clogprint
config.status:742: creating bin/clogTOslog2
config.status:742: creating bin/clog2print
config.status:742: creating bin/clog2TOslog2
configure:4700: === configuring in trace_sample (/projects/comp422/mpi/mpe2-2.4.9b/BUILD/src/slog2sdk/trace_sample)
configure:4763: running /bin/sh ../../../../src/slog2sdk/trace_sample/configure --disable-option-checking '--prefix=/projects/comp422/pkgs/mpe'  'CC=mpicc' 'F77=mpif77' 'LDFLAGS=-lpthread' --cache-file=/dev/null --srcdir=../../../../src/slog2sdk/trace_sample
configure:4700: === configuring in trace_rlog (/projects/comp422/mpi/mpe2-2.4.9b/BUILD/src/slog2sdk/trace_rlog)
configure:4763: running /bin/sh ../../../../src/slog2sdk/trace_rlog/configure --disable-option-checking '--prefix=/projects/comp422/pkgs/mpe'  'CC=mpicc' 'F77=mpif77' 'LDFLAGS=-lpthread' --cache-file=/dev/null --srcdir=../../../../src/slog2sdk/trace_rlog
configure:4821: result: SLOG2SDK:  "trace_sample" "trace_rlog" have been configured

## ---------------- ##
## Cache variables. ##
## ---------------- ##

ac_cv_build=x86_64-unknown-linux-gnu
ac_cv_env_build_alias_set=
ac_cv_env_build_alias_value=
ac_cv_env_host_alias_set=
ac_cv_env_host_alias_value=
ac_cv_env_target_alias_set=
ac_cv_env_target_alias_value=
ac_cv_host=x86_64-unknown-linux-gnu
ac_cv_path_install='/usr/bin/install -c'

## ----------------- ##
## Output variables. ##
## ----------------- ##

DEFS='-DPACKAGE_NAME=\"\" -DPACKAGE_TARNAME=\"\" -DPACKAGE_VERSION=\"\" -DPACKAGE_STRING=\"\" -DPACKAGE_BUGREPORT=\"\" -DPACKAGE_URL=\"\"'
ECHO_C=''
ECHO_N='-n'
ECHO_T=''
EXEFILES='slog2print slog2navigator slog2filter slog2updater logconvertor jumpshot clogprint clogTOslog2 clog2print clog2TOslog2 '
INSTALL_DATA='${INSTALL} -m 644'
INSTALL_PROGRAM='${INSTALL}'
INSTALL_SCRIPT='${INSTALL}'
JPATH_FINAL=''
JPATH_START=''
JVM='/opt/apps/software/Core/Java/1.8.0_162/bin/java'
JVMFLAGS=''
LIBOBJS=''
LIBS=''
LTLIBOBJS=''
MAKE='make --no-print-directory'
NONGUI_JVMFLAGS=''
PACKAGE_BUGREPORT=''
PACKAGE_NAME=''
PACKAGE_STRING=''
PACKAGE_TARNAME=''
PACKAGE_URL=''
PACKAGE_VERSION=''
PATH_SEPARATOR=':'
RM='rm -f'
SHELL='/bin/sh'
TRACE_LIBDIR=''
VPATH='VPATH=.:$(srcdir)'
binbuild_dir='/projects/comp422/mpi/mpe2-2.4.9b/BUILD/src/slog2sdk/bin'
bindir='${exec_prefix}/bin'
build='x86_64-unknown-linux-gnu'
build_alias=''
build_cpu='x86_64'
build_os='linux-gnu'
build_vendor='unknown'
datadir='${datarootdir}'
datarootdir='${prefix}/share'
docbuild_dir='/projects/comp422/mpi/mpe2-2.4.9b/BUILD/src/slog2sdk/doc'
docdir='${datarootdir}/doc/${PACKAGE}'
dvidir='${docdir}'
etcbuild_dir='/projects/comp422/mpi/mpe2-2.4.9b/BUILD/src/slog2sdk/etc'
exec_prefix='${prefix}'
host='x86_64-unknown-linux-gnu'
host_alias=''
host_cpu='x86_64'
host_os='linux-gnu'
host_vendor='unknown'
htmldir='${docdir}'
includedir='${prefix}/include'
infodir='${datarootdir}/info'
libbuild_dir='/projects/comp422/mpi/mpe2-2.4.9b/BUILD/src/slog2sdk/lib'
libdir='${exec_prefix}/lib'
libexecdir='${exec_prefix}/libexec'
localedir='${datarootdir}/locale'
localstatedir='${prefix}/var'
mandir='${datarootdir}/man'
oldincludedir='/usr/include'
pdfdir='${docdir}'
prefix='/projects/comp422/pkgs/mpe'
program_transform_name='s,x,x,'
psdir='${docdir}'
sbinbuild_dir='/projects/comp422/mpi/mpe2-2.4.9b/BUILD/src/slog2sdk/sbin'
sbindir='${exec_prefix}/sbin'
sharebuild_dir='/projects/comp422/mpi/mpe2-2.4.9b/BUILD/src/slog2sdk/share'
sharedstatedir='${prefix}/com'
subdirs=' trace_sample trace_rlog'
sysconfdir='${prefix}/etc'
target_alias=''
top_srcdir_abs='../../../src/slog2sdk'

## ----------- ##
## confdefs.h. ##
## ----------- ##

/* confdefs.h */
#define PACKAGE_NAME ""
#define PACKAGE_TARNAME ""
#define PACKAGE_VERSION ""
#define PACKAGE_STRING ""
#define PACKAGE_BUGREPORT ""
#define PACKAGE_URL ""

configure: exit 0
